<?xml version="1.0" encoding="UTF-8"?>
<!-- Generated by org.testng.reporters.JUnitXMLReporter -->
<testsuite ignored="0" hostname="MacbookAir" failures="0" tests="3" name="Surefire test" time="21.992" errors="0" timestamp="2024-05-29T01:52:25 IST">
  <testcase classname="test.FirstTestCase_POJO_fullTest" name="CountrySelectUsing_SelectClass" time="12.304"/>
  <testcase classname="test.TC_02_MenPageTest" name="OrderThroughMenPage" time="17.883"/>
  <testcase classname="test.FirstTestCase_POJO_fullTest" name="LoginAndCheckOut_guestCheckoutUsingBankTransfer" time="19.739"/>
</testsuite> <!-- Surefire test -->
