<?xml version="1.0" encoding="UTF-8"?>
<!-- Generated by org.testng.reporters.JUnitXMLReporter -->
<testsuite ignored="0" hostname="192.168.1.11" failures="1" tests="3" name="Surefire test" time="22.748" errors="0" timestamp="2024-05-22T00:28:21 IST">
  <testcase classname="test.FirstTestCase_POJO_fullTest" name="FailTestguestCheckoutUsingBankTransfer" time="8.841">
    <failure type="java.lang.NullPointerException" message="Cannot invoke &amp;quot;String.contains(java.lang.CharSequence)&amp;quot; because &amp;quot;toEscape&amp;quot; is null">
      <![CDATA[java.lang.NullPointerException: Cannot invoke "String.contains(java.lang.CharSequence)" because "toEscape" is null
at org.openqa.selenium.support.ui.Quotes.escape(Quotes.java:38)
at org.openqa.selenium.support.ui.Select.selectByVisibleText(Select.java:116)
at org.Pages.CheckOutPage.CountryUsingSelectClass(CheckOutPage.java:103)
at org.Pages.CheckOutPage.setBillingAddress(CheckOutPage.java:199)
at test.FirstTestCase_POJO_fullTest.FailTestguestCheckoutUsingBankTransfer(FirstTestCase_POJO_fullTest.java:40)
at java.base/java.util.concurrent.ThreadPoolExecutor.runWorker(ThreadPoolExecutor.java:1144)
at java.base/java.util.concurrent.ThreadPoolExecutor$Worker.run(ThreadPoolExecutor.java:642)
at java.base/java.lang.Thread.run(Thread.java:1583)
... Removed 10 stack frames]]>
    </failure>
  </testcase> <!-- FailTestguestCheckoutUsingBankTransfer -->
  <testcase classname="test.FirstTestCase_POJO_fullTest" name="CountrySelectUsing_SelectClass" time="15.624"/>
  <testcase classname="test.FirstTestCase_POJO_fullTest" name="LoginAndCheckOut_guestCheckoutUsingBankTransfer" time="19.973"/>
</testsuite> <!-- Surefire test -->
