<?xml version="1.0" encoding="UTF-8"?>
<!-- Generated by org.testng.reporters.JUnitXMLReporter -->
<testsuite ignored="0" hostname="MacbookAir" failures="0" tests="2" name="Surefire test" time="36.108" errors="0" timestamp="2024-05-28T17:02:51 IST">
  <testcase classname="test.FirstTestCase_POJO_fullTest" name="CountrySelectUsing_SelectClass" time="16.646"/>
  <testcase classname="test.FirstTestCase_POJO_fullTest" name="LoginAndCheckOut_guestCheckoutUsingBankTransfer" time="33.911"/>
</testsuite> <!-- Surefire test -->
