<?xml version="1.0" encoding="UTF-8"?>
<!-- Generated by org.testng.reporters.JUnitXMLReporter -->
<testsuite ignored="0" hostname="192.168.1.4" failures="1" tests="3" name="Surefire test" time="55.171" errors="0" timestamp="2024-05-19T12:54:14 IST">
  <testcase classname="test.FirstTestCase_POJO_fullTest" name="FailTestguestCheckoutUsingBankTransfer" time="18.953">
    <failure type="java.lang.NullPointerException" message="Cannot invoke &amp;quot;String.contains(java.lang.CharSequence)&amp;quot; because &amp;quot;toEscape&amp;quot; is null">
      <![CDATA[java.lang.NullPointerException: Cannot invoke "String.contains(java.lang.CharSequence)" because "toEscape" is null
at org.openqa.selenium.support.ui.Quotes.escape(Quotes.java:38)
at org.openqa.selenium.support.ui.Select.selectByVisibleText(Select.java:116)
at org.Pages.CheckOutPage.CountryUsingSelectClass(CheckOutPage.java:107)
at org.Pages.CheckOutPage.setBillingAddress(CheckOutPage.java:203)
at test.FirstTestCase_POJO_fullTest.FailTestguestCheckoutUsingBankTransfer(FirstTestCase_POJO_fullTest.java:36)
at java.base/java.util.ArrayList.forEach(ArrayList.java:1596)
... Removed 30 stack frames]]>
    </failure>
  </testcase> <!-- FailTestguestCheckoutUsingBankTransfer -->
  <testcase classname="test.FirstTestCase_POJO_fullTest" name="LoginAndCheckOut_guestCheckoutUsingBankTransfer" time="16.872"/>
  <testcase classname="test.FirstTestCase_POJO_fullTest" name="CountrySelectUsing_SelectClass" time="14.617"/>
</testsuite> <!-- Surefire test -->
