<?xml version="1.0" encoding="UTF-8"?>
<!-- Generated by org.testng.reporters.JUnitXMLReporter -->
<testsuite ignored="11" hostname="MacbookAir" failures="1" tests="1" name="Test" time="0.1" errors="0" timestamp="2024-06-28T17:51:41 IST">
  <testcase classname="test.FirstTestCase_POJO_fullTest" name="LoginAndCheckOut_guestCheckoutUsingBankTransfer" time="0.036">
    <failure type="java.lang.NullPointerException" message="Cannot invoke &amp;quot;org.openqa.selenium.WebDriver.get(String)&amp;quot; because &amp;quot;this.driver&amp;quot; is null">
      <![CDATA[java.lang.NullPointerException: Cannot invoke "org.openqa.selenium.WebDriver.get(String)" because "this.driver" is null
at org.Base.BasePage.load(BasePage.java:37)
at org.Pages.HomePage.load(HomePage.java:19)
at test.FirstTestCase_POJO_fullTest.LoginAndCheckOut_guestCheckoutUsingBankTransfer(FirstTestCase_POJO_fullTest.java:51)
at java.base/java.util.ArrayList.forEach(ArrayList.java:1511)
... Removed 27 stack frames]]>
    </failure>
  </testcase> <!-- LoginAndCheckOut_guestCheckoutUsingBankTransfer -->
  <testcase classname="test.FirstCase_original" name="guestCheckoutUsingBankTransfer" time="0.0">
    <ignored/>
  </testcase> <!-- guestCheckoutUsingBankTransfer -->
  <testcase classname="test.FirstCase" name="guestCheckoutUsingBankTransfer" time="0.0">
    <ignored/>
  </testcase> <!-- guestCheckoutUsingBankTransfer -->
  <testcase classname="test.FirstCase_original" name="LoginAndCheckOut_guestCheckoutUsingBankTransfer" time="0.0">
    <ignored/>
  </testcase> <!-- LoginAndCheckOut_guestCheckoutUsingBankTransfer -->
  <testcase classname="test.FirstTestCase_POJO_fullTest" name="CountrySelectUsing_SelectClass" time="0.0">
    <ignored/>
  </testcase> <!-- CountrySelectUsing_SelectClass -->
  <testcase classname="test.FirstCase_POJO_using_parametrised_constructor_OverLoading" name="guestCheckoutUsingBankTransfer" time="0.0">
    <ignored/>
  </testcase> <!-- guestCheckoutUsingBankTransfer -->
  <testcase classname="test.FirstCase_POJO" name="LoginAndCheckOut_guestCheckoutUsingBankTransfer" time="0.0">
    <ignored/>
  </testcase> <!-- LoginAndCheckOut_guestCheckoutUsingBankTransfer -->
  <testcase classname="test.FirstCase_POJO" name="guestCheckoutUsingBankTransfer" time="0.0">
    <ignored/>
  </testcase> <!-- guestCheckoutUsingBankTransfer -->
  <testcase classname="test.FirstCase_POJO" name="CountrySelectUsing_SelectClass" time="0.0">
    <ignored/>
  </testcase> <!-- CountrySelectUsing_SelectClass -->
  <testcase classname="test.FirstCase_POJO_using_Jackson" name="guestCheckoutUsingBankTransfer" time="0.0">
    <ignored/>
  </testcase> <!-- guestCheckoutUsingBankTransfer -->
  <testcase classname="test.FirstCase" name="LoginAndCheckOut_guestCheckoutUsingBankTransfer" time="0.0">
    <ignored/>
  </testcase> <!-- LoginAndCheckOut_guestCheckoutUsingBankTransfer -->
  <testcase classname="test.FirstTestCase_POJO_fullTest" name="FailTestguestCheckoutUsingBankTransfer" time="0.0">
    <ignored/>
  </testcase> <!-- FailTestguestCheckoutUsingBankTransfer -->
</testsuite> <!-- Test -->
