<?xml version="1.0" encoding="UTF-8"?>
<testng-results ignored="0" total="4" passed="3" failed="1" skipped="0">
  <reporter-output>
  </reporter-output>
  <suite started-at="2024-06-24T16:33:31 IST" name="Surefire suite" finished-at="2024-06-24T16:38:23 IST" duration-ms="291996">
    <groups>
    </groups>
    <test started-at="2024-06-24T16:33:31 IST" name="Surefire test" finished-at="2024-06-24T16:38:23 IST" duration-ms="291996">
      <class name="test.TC_02_MenPageTest">
        <test-method is-config="true" signature="StartDriver()[pri:0, instance:test.TC_02_MenPageTest@2ed0fbae]" started-at="2024-06-24T16:33:31 IST" name="StartDriver" finished-at="2024-06-24T16:33:37 IST" duration-ms="5757" status="PASS">
          <reporter-output>
          </reporter-output>
        </test-method> <!-- StartDriver -->
        <test-method signature="OrderThroughMenPage()[pri:0, instance:test.TC_02_MenPageTest@2ed0fbae]" started-at="2024-06-24T16:33:37 IST" name="OrderThroughMenPage" finished-at="2024-06-24T16:33:54 IST" duration-ms="16895" status="PASS">
          <reporter-output>
          </reporter-output>
        </test-method> <!-- OrderThroughMenPage -->
        <test-method is-config="true" signature="quitDriver()[pri:0, instance:test.TC_02_MenPageTest@2ed0fbae]" started-at="2024-06-24T16:33:54 IST" name="quitDriver" finished-at="2024-06-24T16:33:54 IST" duration-ms="98" status="PASS">
          <reporter-output>
          </reporter-output>
        </test-method> <!-- quitDriver -->
      </class> <!-- test.TC_02_MenPageTest -->
      <class name="test.TC_03_AddMultipleProductsTest">
        <test-method is-config="true" signature="StartDriver()[pri:0, instance:test.TC_03_AddMultipleProductsTest@7f9fcf7f]" started-at="2024-06-24T16:33:31 IST" name="StartDriver" finished-at="2024-06-24T16:33:37 IST" duration-ms="5725" status="PASS">
          <reporter-output>
          </reporter-output>
        </test-method> <!-- StartDriver -->
        <test-method signature="AddMultipleProduct()[pri:0, instance:test.TC_03_AddMultipleProductsTest@7f9fcf7f]" started-at="2024-06-24T16:33:37 IST" name="AddMultipleProduct" finished-at="2024-06-24T16:36:45 IST" duration-ms="188259" status="FAIL">
          <exception class="org.openqa.selenium.TimeoutException">
            <message>
              <![CDATA[Expected condition failed: waiting for element to be clickable: By.xpath: //a[@title='View cart'] (tried for 30 second(s) with 500 milliseconds interval)
Build info: version: '4.20.0', revision: '866c76ca80'
System info: os.name: 'Mac OS X', os.arch: 'aarch64', os.version: '14.5', java.version: '21.0.3'
Driver info: org.openqa.selenium.chrome.ChromeDriver
Capabilities {acceptInsecureCerts: false, browserName: chrome, browserVersion: 126.0.6478.114, chrome: {chromedriverVersion: 126.0.6478.63 (df799988fdc9..., userDataDir: /var/folders/yx/3kwfkj954dd...}, fedcm:accounts: true, goog:chromeOptions: {debuggerAddress: localhost:49756}, networkConnectionEnabled: false, pageLoadStrategy: normal, platformName: mac, proxy: Proxy(), se:cdp: ws://localhost:49756/devtoo..., se:cdpVersion: 126.0.6478.114, setWindowRect: true, strictFileInteractability: false, timeouts: {implicit: 0, pageLoad: 300000, script: 30000}, unhandledPromptBehavior: dismiss and notify, webauthn:extension:credBlob: true, webauthn:extension:largeBlob: true, webauthn:extension:minPinLength: true, webauthn:extension:prf: true, webauthn:virtualAuthenticators: true}
Session ID: 02cc549e3f1bff12d3224db21fa009ca]]>
            </message>
            <full-stacktrace>
              <![CDATA[org.openqa.selenium.TimeoutException: Expected condition failed: waiting for element to be clickable: By.xpath: //a[@title='View cart'] (tried for 30 second(s) with 500 milliseconds interval)
Build info: version: '4.20.0', revision: '866c76ca80'
System info: os.name: 'Mac OS X', os.arch: 'aarch64', os.version: '14.5', java.version: '21.0.3'
Driver info: org.openqa.selenium.chrome.ChromeDriver
Capabilities {acceptInsecureCerts: false, browserName: chrome, browserVersion: 126.0.6478.114, chrome: {chromedriverVersion: 126.0.6478.63 (df799988fdc9..., userDataDir: /var/folders/yx/3kwfkj954dd...}, fedcm:accounts: true, goog:chromeOptions: {debuggerAddress: localhost:49756}, networkConnectionEnabled: false, pageLoadStrategy: normal, platformName: mac, proxy: Proxy(), se:cdp: ws://localhost:49756/devtoo..., se:cdpVersion: 126.0.6478.114, setWindowRect: true, strictFileInteractability: false, timeouts: {implicit: 0, pageLoad: 300000, script: 30000}, unhandledPromptBehavior: dismiss and notify, webauthn:extension:credBlob: true, webauthn:extension:largeBlob: true, webauthn:extension:minPinLength: true, webauthn:extension:prf: true, webauthn:virtualAuthenticators: true}
Session ID: 02cc549e3f1bff12d3224db21fa009ca
at org.openqa.selenium.support.ui.WebDriverWait.timeoutException(WebDriverWait.java:84)
at org.openqa.selenium.support.ui.FluentWait.until(FluentWait.java:228)
at org.Pages.MenPage.clickViewCartButton(MenPage.java:44)
at test.TC_03_AddMultipleProductsTest.AddMultipleProduct(TC_03_AddMultipleProductsTest.java:27)
at java.base/jdk.internal.reflect.DirectMethodHandleAccessor.invoke(DirectMethodHandleAccessor.java:103)
at java.base/java.lang.reflect.Method.invoke(Method.java:580)
at org.testng.internal.invokers.MethodInvocationHelper.invokeMethod(MethodInvocationHelper.java:139)
at org.testng.internal.invokers.TestInvoker.invokeMethod(TestInvoker.java:677)
at org.testng.internal.invokers.TestInvoker.invokeTestMethod(TestInvoker.java:221)
at org.testng.internal.invokers.MethodRunner.runInSequence(MethodRunner.java:50)
at org.testng.internal.invokers.TestInvoker$MethodInvocationAgent.invoke(TestInvoker.java:969)
at org.testng.internal.invokers.TestInvoker.invokeTestMethods(TestInvoker.java:194)
at org.testng.internal.invokers.TestMethodWorker.invokeTestMethods(TestMethodWorker.java:148)
at org.testng.internal.invokers.TestMethodWorker.run(TestMethodWorker.java:128)
at java.base/java.util.concurrent.ThreadPoolExecutor.runWorker(ThreadPoolExecutor.java:1144)
at java.base/java.util.concurrent.ThreadPoolExecutor$Worker.run(ThreadPoolExecutor.java:642)
at java.base/java.lang.Thread.run(Thread.java:1583)
]]>
            </full-stacktrace>
          </exception> <!-- org.openqa.selenium.TimeoutException -->
          <reporter-output>
          </reporter-output>
        </test-method> <!-- AddMultipleProduct -->
        <test-method is-config="true" signature="quitDriver()[pri:0, instance:test.TC_03_AddMultipleProductsTest@7f9fcf7f]" started-at="2024-06-24T16:36:45 IST" name="quitDriver" finished-at="2024-06-24T16:36:45 IST" duration-ms="143" status="PASS">
          <reporter-output>
          </reporter-output>
        </test-method> <!-- quitDriver -->
      </class> <!-- test.TC_03_AddMultipleProductsTest -->
      <class name="test.FirstTestCase_POJO_fullTest">
        <test-method is-config="true" signature="StartDriver()[pri:0, instance:test.FirstTestCase_POJO_fullTest@25a65b77]" started-at="2024-06-24T16:33:31 IST" name="StartDriver" finished-at="2024-06-24T16:33:37 IST" duration-ms="5739" status="PASS">
          <reporter-output>
          </reporter-output>
        </test-method> <!-- StartDriver -->
        <test-method is-config="true" signature="StartDriver()[pri:0, instance:test.FirstTestCase_POJO_fullTest@25a65b77]" started-at="2024-06-24T16:33:31 IST" name="StartDriver" finished-at="2024-06-24T16:33:36 IST" duration-ms="5139" status="PASS">
          <reporter-output>
          </reporter-output>
        </test-method> <!-- StartDriver -->
        <test-method signature="LoginAndCheckOut_guestCheckoutUsingBankTransfer()[pri:1, instance:test.FirstTestCase_POJO_fullTest@25a65b77]" started-at="2024-06-24T16:33:36 IST" name="LoginAndCheckOut_guestCheckoutUsingBankTransfer" description=" using normal billing address" finished-at="2024-06-24T16:38:23 IST" duration-ms="286695" status="PASS">
          <reporter-output>
          </reporter-output>
        </test-method> <!-- LoginAndCheckOut_guestCheckoutUsingBankTransfer -->
        <test-method signature="CountrySelectUsing_SelectClass()[pri:2, instance:test.FirstTestCase_POJO_fullTest@25a65b77]" started-at="2024-06-24T16:33:37 IST" name="CountrySelectUsing_SelectClass" description="Using Select Class provided with getter and setter" finished-at="2024-06-24T16:33:51 IST" duration-ms="14092" status="PASS">
          <reporter-output>
          </reporter-output>
        </test-method> <!-- CountrySelectUsing_SelectClass -->
        <test-method is-config="true" signature="quitDriver()[pri:0, instance:test.FirstTestCase_POJO_fullTest@25a65b77]" started-at="2024-06-24T16:33:51 IST" name="quitDriver" finished-at="2024-06-24T16:33:51 IST" duration-ms="133" status="PASS">
          <reporter-output>
          </reporter-output>
        </test-method> <!-- quitDriver -->
        <test-method is-config="true" signature="quitDriver()[pri:0, instance:test.FirstTestCase_POJO_fullTest@25a65b77]" started-at="2024-06-24T16:38:23 IST" name="quitDriver" finished-at="2024-06-24T16:38:23 IST" duration-ms="148" status="PASS">
          <reporter-output>
          </reporter-output>
        </test-method> <!-- quitDriver -->
      </class> <!-- test.FirstTestCase_POJO_fullTest -->
    </test> <!-- Surefire test -->
  </suite> <!-- Surefire suite -->
</testng-results>
