<?xml version="1.0" encoding="UTF-8"?>
<testng-results ignored="0" total="3" passed="2" failed="1" skipped="0">
  <reporter-output>
  </reporter-output>
  <suite started-at="2024-05-22T00:27:58 IST" name="Surefire suite" finished-at="2024-05-22T00:28:21 IST" duration-ms="22748">
    <groups>
    </groups>
    <test started-at="2024-05-22T00:27:58 IST" name="Surefire test" finished-at="2024-05-22T00:28:21 IST" duration-ms="22748">
      <class name="test.FirstTestCase_POJO_fullTest">
        <test-method is-config="true" signature="StartDriver()[pri:0, instance:test.FirstTestCase_POJO_fullTest@4f9a3314]" started-at="2024-05-22T00:27:58 IST" name="StartDriver" finished-at="2024-05-22T00:28:01 IST" duration-ms="2666" status="PASS">
          <reporter-output>
          </reporter-output>
        </test-method> <!-- StartDriver -->
        <test-method is-config="true" signature="StartDriver()[pri:0, instance:test.FirstTestCase_POJO_fullTest@4f9a3314]" started-at="2024-05-22T00:27:58 IST" name="StartDriver" finished-at="2024-05-22T00:28:01 IST" duration-ms="2586" status="PASS">
          <reporter-output>
          </reporter-output>
        </test-method> <!-- StartDriver -->
        <test-method is-config="true" signature="StartDriver()[pri:0, instance:test.FirstTestCase_POJO_fullTest@4f9a3314]" started-at="2024-05-22T00:27:58 IST" name="StartDriver" finished-at="2024-05-22T00:28:01 IST" duration-ms="2628" status="PASS">
          <reporter-output>
          </reporter-output>
        </test-method> <!-- StartDriver -->
        <test-method signature="CountrySelectUsing_SelectClass()[pri:2, instance:test.FirstTestCase_POJO_fullTest@4f9a3314]" started-at="2024-05-22T00:28:01 IST" name="CountrySelectUsing_SelectClass" description="Using Select Class provided with getter and setter" finished-at="2024-05-22T00:28:16 IST" duration-ms="15624" status="PASS">
          <reporter-output>
          </reporter-output>
        </test-method> <!-- CountrySelectUsing_SelectClass -->
        <test-method signature="FailTestguestCheckoutUsingBankTransfer()[pri:0, instance:test.FirstTestCase_POJO_fullTest@4f9a3314]" started-at="2024-05-22T00:28:01 IST" name="FailTestguestCheckoutUsingBankTransfer" description="this test will fail beacuse we have not set the value of country and state and in result will get null exception" finished-at="2024-05-22T00:28:09 IST" duration-ms="8841" status="FAIL">
          <exception class="java.lang.NullPointerException">
            <message>
              <![CDATA[Cannot invoke "String.contains(java.lang.CharSequence)" because "toEscape" is null]]>
            </message>
            <full-stacktrace>
              <![CDATA[java.lang.NullPointerException: Cannot invoke "String.contains(java.lang.CharSequence)" because "toEscape" is null
at org.openqa.selenium.support.ui.Quotes.escape(Quotes.java:38)
at org.openqa.selenium.support.ui.Select.selectByVisibleText(Select.java:116)
at org.Pages.CheckOutPage.CountryUsingSelectClass(CheckOutPage.java:103)
at org.Pages.CheckOutPage.setBillingAddress(CheckOutPage.java:199)
at test.FirstTestCase_POJO_fullTest.FailTestguestCheckoutUsingBankTransfer(FirstTestCase_POJO_fullTest.java:40)
at java.base/jdk.internal.reflect.DirectMethodHandleAccessor.invoke(DirectMethodHandleAccessor.java:103)
at java.base/java.lang.reflect.Method.invoke(Method.java:580)
at org.testng.internal.invokers.MethodInvocationHelper.invokeMethod(MethodInvocationHelper.java:139)
at org.testng.internal.invokers.TestInvoker.invokeMethod(TestInvoker.java:677)
at org.testng.internal.invokers.TestInvoker.invokeTestMethod(TestInvoker.java:221)
at org.testng.internal.invokers.MethodRunner.runInSequence(MethodRunner.java:50)
at org.testng.internal.invokers.TestInvoker$MethodInvocationAgent.invoke(TestInvoker.java:969)
at org.testng.internal.invokers.TestInvoker.invokeTestMethods(TestInvoker.java:194)
at org.testng.internal.invokers.TestMethodWorker.invokeTestMethods(TestMethodWorker.java:148)
at org.testng.internal.invokers.TestMethodWorker.run(TestMethodWorker.java:128)
at java.base/java.util.concurrent.ThreadPoolExecutor.runWorker(ThreadPoolExecutor.java:1144)
at java.base/java.util.concurrent.ThreadPoolExecutor$Worker.run(ThreadPoolExecutor.java:642)
at java.base/java.lang.Thread.run(Thread.java:1583)
]]>
            </full-stacktrace>
          </exception> <!-- java.lang.NullPointerException -->
          <reporter-output>
          </reporter-output>
        </test-method> <!-- FailTestguestCheckoutUsingBankTransfer -->
        <test-method signature="LoginAndCheckOut_guestCheckoutUsingBankTransfer()[pri:1, instance:test.FirstTestCase_POJO_fullTest@4f9a3314]" started-at="2024-05-22T00:28:01 IST" name="LoginAndCheckOut_guestCheckoutUsingBankTransfer" description=" using normal billing address" finished-at="2024-05-22T00:28:21 IST" duration-ms="19973" status="PASS">
          <reporter-output>
          </reporter-output>
        </test-method> <!-- LoginAndCheckOut_guestCheckoutUsingBankTransfer -->
        <test-method is-config="true" signature="quitDriver()[pri:0, instance:test.FirstTestCase_POJO_fullTest@4f9a3314]" started-at="2024-05-22T00:28:09 IST" name="quitDriver" finished-at="2024-05-22T00:28:10 IST" duration-ms="162" status="PASS">
          <reporter-output>
          </reporter-output>
        </test-method> <!-- quitDriver -->
        <test-method is-config="true" signature="quitDriver()[pri:0, instance:test.FirstTestCase_POJO_fullTest@4f9a3314]" started-at="2024-05-22T00:28:16 IST" name="quitDriver" finished-at="2024-05-22T00:28:16 IST" duration-ms="97" status="PASS">
          <reporter-output>
          </reporter-output>
        </test-method> <!-- quitDriver -->
        <test-method is-config="true" signature="quitDriver()[pri:0, instance:test.FirstTestCase_POJO_fullTest@4f9a3314]" started-at="2024-05-22T00:28:21 IST" name="quitDriver" finished-at="2024-05-22T00:28:21 IST" duration-ms="96" status="PASS">
          <reporter-output>
          </reporter-output>
        </test-method> <!-- quitDriver -->
      </class> <!-- test.FirstTestCase_POJO_fullTest -->
    </test> <!-- Surefire test -->
  </suite> <!-- Surefire suite -->
</testng-results>
