<?xml version="1.0" encoding="UTF-8"?>
<testng-results ignored="0" total="3" passed="3" failed="0" skipped="0">
  <reporter-output>
  </reporter-output>
  <suite started-at="2024-05-29T01:52:03 IST" name="Surefire suite" finished-at="2024-05-29T01:52:25 IST" duration-ms="21992">
    <groups>
    </groups>
    <test started-at="2024-05-29T01:52:03 IST" name="Surefire test" finished-at="2024-05-29T01:52:25 IST" duration-ms="21992">
      <class name="test.TC_02_MenPageTest">
        <test-method is-config="true" signature="StartDriver()[pri:0, instance:test.TC_02_MenPageTest@7d68ef40]" started-at="2024-05-29T01:52:03 IST" name="StartDriver" finished-at="2024-05-29T01:52:06 IST" duration-ms="2139" status="PASS">
          <reporter-output>
          </reporter-output>
        </test-method> <!-- StartDriver -->
        <test-method signature="OrderThroughMenPage()[pri:0, instance:test.TC_02_MenPageTest@7d68ef40]" started-at="2024-05-29T01:52:06 IST" name="OrderThroughMenPage" finished-at="2024-05-29T01:52:23 IST" duration-ms="17883" status="PASS">
          <reporter-output>
          </reporter-output>
        </test-method> <!-- OrderThroughMenPage -->
        <test-method is-config="true" signature="quitDriver()[pri:0, instance:test.TC_02_MenPageTest@7d68ef40]" started-at="2024-05-29T01:52:23 IST" name="quitDriver" finished-at="2024-05-29T01:52:24 IST" duration-ms="110" status="PASS">
          <reporter-output>
          </reporter-output>
        </test-method> <!-- quitDriver -->
      </class> <!-- test.TC_02_MenPageTest -->
      <class name="test.FirstTestCase_POJO_fullTest">
        <test-method is-config="true" signature="StartDriver()[pri:0, instance:test.FirstTestCase_POJO_fullTest@51931956]" started-at="2024-05-29T01:52:03 IST" name="StartDriver" finished-at="2024-05-29T01:52:06 IST" duration-ms="2139" status="PASS">
          <reporter-output>
          </reporter-output>
        </test-method> <!-- StartDriver -->
        <test-method is-config="true" signature="StartDriver()[pri:0, instance:test.FirstTestCase_POJO_fullTest@51931956]" started-at="2024-05-29T01:52:03 IST" name="StartDriver" finished-at="2024-05-29T01:52:06 IST" duration-ms="2139" status="PASS">
          <reporter-output>
          </reporter-output>
        </test-method> <!-- StartDriver -->
        <test-method signature="CountrySelectUsing_SelectClass()[pri:2, instance:test.FirstTestCase_POJO_fullTest@51931956]" started-at="2024-05-29T01:52:06 IST" name="CountrySelectUsing_SelectClass" description="Using Select Class provided with getter and setter" finished-at="2024-05-29T01:52:18 IST" duration-ms="12304" status="PASS">
          <reporter-output>
          </reporter-output>
        </test-method> <!-- CountrySelectUsing_SelectClass -->
        <test-method signature="LoginAndCheckOut_guestCheckoutUsingBankTransfer()[pri:1, instance:test.FirstTestCase_POJO_fullTest@51931956]" started-at="2024-05-29T01:52:06 IST" name="LoginAndCheckOut_guestCheckoutUsingBankTransfer" description=" using normal billing address" finished-at="2024-05-29T01:52:25 IST" duration-ms="19739" status="PASS">
          <reporter-output>
          </reporter-output>
        </test-method> <!-- LoginAndCheckOut_guestCheckoutUsingBankTransfer -->
        <test-method is-config="true" signature="quitDriver()[pri:0, instance:test.FirstTestCase_POJO_fullTest@51931956]" started-at="2024-05-29T01:52:18 IST" name="quitDriver" finished-at="2024-05-29T01:52:18 IST" duration-ms="131" status="PASS">
          <reporter-output>
          </reporter-output>
        </test-method> <!-- quitDriver -->
        <test-method is-config="true" signature="quitDriver()[pri:0, instance:test.FirstTestCase_POJO_fullTest@51931956]" started-at="2024-05-29T01:52:25 IST" name="quitDriver" finished-at="2024-05-29T01:52:25 IST" duration-ms="98" status="PASS">
          <reporter-output>
          </reporter-output>
        </test-method> <!-- quitDriver -->
      </class> <!-- test.FirstTestCase_POJO_fullTest -->
    </test> <!-- Surefire test -->
  </suite> <!-- Surefire suite -->
</testng-results>
