<?xml version="1.0" encoding="UTF-8"?>
<testng-results ignored="0" total="2" passed="2" failed="0" skipped="0">
  <reporter-output>
  </reporter-output>
  <suite started-at="2024-05-28T17:02:14 IST" name="Surefire suite" finished-at="2024-05-28T17:02:51 IST" duration-ms="36108">
    <groups>
    </groups>
    <test started-at="2024-05-28T17:02:14 IST" name="Surefire test" finished-at="2024-05-28T17:02:51 IST" duration-ms="36108">
      <class name="test.FirstTestCase_POJO_fullTest">
        <test-method is-config="true" signature="StartDriver()[pri:0, instance:test.FirstTestCase_POJO_fullTest@1b68b9a4]" started-at="2024-05-28T17:02:15 IST" name="StartDriver" finished-at="2024-05-28T17:02:17 IST" duration-ms="2084" status="PASS">
          <reporter-output>
          </reporter-output>
        </test-method> <!-- StartDriver -->
        <test-method is-config="true" signature="StartDriver()[pri:0, instance:test.FirstTestCase_POJO_fullTest@1b68b9a4]" started-at="2024-05-28T17:02:15 IST" name="StartDriver" finished-at="2024-05-28T17:02:17 IST" duration-ms="2084" status="PASS">
          <reporter-output>
          </reporter-output>
        </test-method> <!-- StartDriver -->
        <test-method signature="CountrySelectUsing_SelectClass()[pri:2, instance:test.FirstTestCase_POJO_fullTest@1b68b9a4]" started-at="2024-05-28T17:02:17 IST" name="CountrySelectUsing_SelectClass" description="Using Select Class provided with getter and setter" finished-at="2024-05-28T17:02:33 IST" duration-ms="16646" status="PASS">
          <reporter-output>
          </reporter-output>
        </test-method> <!-- CountrySelectUsing_SelectClass -->
        <test-method signature="LoginAndCheckOut_guestCheckoutUsingBankTransfer()[pri:1, instance:test.FirstTestCase_POJO_fullTest@1b68b9a4]" started-at="2024-05-28T17:02:17 IST" name="LoginAndCheckOut_guestCheckoutUsingBankTransfer" description=" using normal billing address" finished-at="2024-05-28T17:02:50 IST" duration-ms="33911" status="PASS">
          <reporter-output>
          </reporter-output>
        </test-method> <!-- LoginAndCheckOut_guestCheckoutUsingBankTransfer -->
        <test-method is-config="true" signature="quitDriver()[pri:0, instance:test.FirstTestCase_POJO_fullTest@1b68b9a4]" started-at="2024-05-28T17:02:33 IST" name="quitDriver" finished-at="2024-05-28T17:02:33 IST" duration-ms="110" status="PASS">
          <reporter-output>
          </reporter-output>
        </test-method> <!-- quitDriver -->
        <test-method is-config="true" signature="quitDriver()[pri:0, instance:test.FirstTestCase_POJO_fullTest@1b68b9a4]" started-at="2024-05-28T17:02:50 IST" name="quitDriver" finished-at="2024-05-28T17:02:51 IST" duration-ms="100" status="PASS">
          <reporter-output>
          </reporter-output>
        </test-method> <!-- quitDriver -->
      </class> <!-- test.FirstTestCase_POJO_fullTest -->
    </test> <!-- Surefire test -->
  </suite> <!-- Surefire suite -->
</testng-results>
