<?xml version="1.0" encoding="UTF-8"?>
<testng-results ignored="0" total="3" passed="2" failed="1" skipped="0">
  <reporter-output>
  </reporter-output>
  <suite started-at="2024-05-21T15:51:32 IST" name="Default suite" finished-at="2024-05-21T15:55:18 IST" duration-ms="226727">
    <groups>
    </groups>
    <test started-at="2024-05-21T15:51:32 IST" name="Default test" finished-at="2024-05-21T15:55:18 IST" duration-ms="226727">
      <class name="test.FirstTestCase_POJO_fullTest">
        <test-method is-config="true" signature="StartDriver()[pri:0, instance:test.FirstTestCase_POJO_fullTest@6392827e]" started-at="2024-05-21T15:51:32 IST" name="StartDriver" finished-at="2024-05-21T15:51:47 IST" duration-ms="14691" status="PASS">
          <reporter-output>
          </reporter-output>
        </test-method> <!-- StartDriver -->
        <test-method signature="FailTestguestCheckoutUsingBankTransfer()[pri:0, instance:test.FirstTestCase_POJO_fullTest@6392827e]" started-at="2024-05-21T15:51:47 IST" name="FailTestguestCheckoutUsingBankTransfer" description="this test will fail beacuse we have not set the value of country and state and in result will get null exception" finished-at="2024-05-21T15:52:40 IST" duration-ms="53651" status="FAIL">
          <exception class="java.lang.NullPointerException">
            <message>
              <![CDATA[Cannot invoke "String.contains(java.lang.CharSequence)" because "toEscape" is null]]>
            </message>
            <full-stacktrace>
              <![CDATA[java.lang.NullPointerException: Cannot invoke "String.contains(java.lang.CharSequence)" because "toEscape" is null
at org.openqa.selenium.support.ui.Quotes.escape(Quotes.java:38)
at org.openqa.selenium.support.ui.Select.selectByVisibleText(Select.java:116)
at org.Pages.CheckOutPage.CountryUsingSelectClass(CheckOutPage.java:103)
at org.Pages.CheckOutPage.setBillingAddress(CheckOutPage.java:199)
at test.FirstTestCase_POJO_fullTest.FailTestguestCheckoutUsingBankTransfer(FirstTestCase_POJO_fullTest.java:40)
at java.base/jdk.internal.reflect.NativeMethodAccessorImpl.invoke0(Native Method)
at java.base/jdk.internal.reflect.NativeMethodAccessorImpl.invoke(NativeMethodAccessorImpl.java:64)
at java.base/jdk.internal.reflect.DelegatingMethodAccessorImpl.invoke(DelegatingMethodAccessorImpl.java:43)
at java.base/java.lang.reflect.Method.invoke(Method.java:564)
at org.testng.internal.invokers.MethodInvocationHelper.invokeMethod(MethodInvocationHelper.java:139)
at org.testng.internal.invokers.TestInvoker.invokeMethod(TestInvoker.java:677)
at org.testng.internal.invokers.TestInvoker.invokeTestMethod(TestInvoker.java:221)
at org.testng.internal.invokers.MethodRunner.runInSequence(MethodRunner.java:50)
at org.testng.internal.invokers.TestInvoker$MethodInvocationAgent.invoke(TestInvoker.java:969)
at org.testng.internal.invokers.TestInvoker.invokeTestMethods(TestInvoker.java:194)
at org.testng.internal.invokers.TestMethodWorker.invokeTestMethods(TestMethodWorker.java:148)
at org.testng.internal.invokers.TestMethodWorker.run(TestMethodWorker.java:128)
at java.base/java.util.ArrayList.forEach(ArrayList.java:1511)
at org.testng.TestRunner.privateRun(TestRunner.java:829)
at org.testng.TestRunner.run(TestRunner.java:602)
at org.testng.SuiteRunner.runTest(SuiteRunner.java:437)
at org.testng.SuiteRunner.runSequentially(SuiteRunner.java:431)
at org.testng.SuiteRunner.privateRun(SuiteRunner.java:391)
at org.testng.SuiteRunner.run(SuiteRunner.java:330)
at org.testng.SuiteRunnerWorker.runSuite(SuiteRunnerWorker.java:52)
at org.testng.SuiteRunnerWorker.run(SuiteRunnerWorker.java:95)
at org.testng.TestNG.runSuitesSequentially(TestNG.java:1256)
at org.testng.TestNG.runSuitesLocally(TestNG.java:1176)
at org.testng.TestNG.runSuites(TestNG.java:1099)
at org.testng.TestNG.run(TestNG.java:1067)
at org.testng.remote.AbstractRemoteTestNG.run(AbstractRemoteTestNG.java:115)
at org.testng.remote.RemoteTestNG.initAndRun(RemoteTestNG.java:251)
at org.testng.remote.RemoteTestNG.main(RemoteTestNG.java:77)
]]>
            </full-stacktrace>
          </exception> <!-- java.lang.NullPointerException -->
          <reporter-output>
          </reporter-output>
        </test-method> <!-- FailTestguestCheckoutUsingBankTransfer -->
        <test-method is-config="true" signature="quitDriver()[pri:0, instance:test.FirstTestCase_POJO_fullTest@6392827e]" started-at="2024-05-21T15:52:40 IST" name="quitDriver" finished-at="2024-05-21T15:52:41 IST" duration-ms="399" status="PASS">
          <reporter-output>
          </reporter-output>
        </test-method> <!-- quitDriver -->
        <test-method is-config="true" signature="StartDriver()[pri:0, instance:test.FirstTestCase_POJO_fullTest@6392827e]" started-at="2024-05-21T15:52:41 IST" name="StartDriver" finished-at="2024-05-21T15:52:50 IST" duration-ms="9759" status="PASS">
          <reporter-output>
          </reporter-output>
        </test-method> <!-- StartDriver -->
        <test-method signature="LoginAndCheckOut_guestCheckoutUsingBankTransfer()[pri:1, instance:test.FirstTestCase_POJO_fullTest@6392827e]" started-at="2024-05-21T15:52:50 IST" name="LoginAndCheckOut_guestCheckoutUsingBankTransfer" description=" using normal billing address" finished-at="2024-05-21T15:54:17 IST" duration-ms="86415" status="PASS">
          <reporter-output>
          </reporter-output>
        </test-method> <!-- LoginAndCheckOut_guestCheckoutUsingBankTransfer -->
        <test-method is-config="true" signature="quitDriver()[pri:0, instance:test.FirstTestCase_POJO_fullTest@6392827e]" started-at="2024-05-21T15:54:17 IST" name="quitDriver" finished-at="2024-05-21T15:54:17 IST" duration-ms="245" status="PASS">
          <reporter-output>
          </reporter-output>
        </test-method> <!-- quitDriver -->
        <test-method is-config="true" signature="StartDriver()[pri:0, instance:test.FirstTestCase_POJO_fullTest@6392827e]" started-at="2024-05-21T15:54:17 IST" name="StartDriver" finished-at="2024-05-21T15:54:26 IST" duration-ms="9056" status="PASS">
          <reporter-output>
          </reporter-output>
        </test-method> <!-- StartDriver -->
        <test-method signature="CountrySelectUsing_SelectClass()[pri:2, instance:test.FirstTestCase_POJO_fullTest@6392827e]" started-at="2024-05-21T15:54:26 IST" name="CountrySelectUsing_SelectClass" description="Using Select Class provided with getter and setter" finished-at="2024-05-21T15:55:18 IST" duration-ms="52045" status="PASS">
          <reporter-output>
          </reporter-output>
        </test-method> <!-- CountrySelectUsing_SelectClass -->
        <test-method is-config="true" signature="quitDriver()[pri:0, instance:test.FirstTestCase_POJO_fullTest@6392827e]" started-at="2024-05-21T15:55:18 IST" name="quitDriver" finished-at="2024-05-21T15:55:18 IST" duration-ms="186" status="PASS">
          <reporter-output>
          </reporter-output>
        </test-method> <!-- quitDriver -->
      </class> <!-- test.FirstTestCase_POJO_fullTest -->
    </test> <!-- Default test -->
  </suite> <!-- Default suite -->
</testng-results>
