<?xml version="1.0" encoding="UTF-8"?>
<testng-results ignored="0" total="1" passed="1" failed="0" skipped="0">
  <reporter-output>
  </reporter-output>
  <suite started-at="2024-05-20T15:15:24 IST" name="Default suite" finished-at="2024-05-20T15:17:43 IST" duration-ms="139162">
    <groups>
    </groups>
    <test started-at="2024-05-20T15:15:24 IST" name="Default test" finished-at="2024-05-20T15:17:43 IST" duration-ms="139162">
      <class name="test.Flipkart">
        <test-method signature="Flipakrt()[pri:0, instance:test.Flipkart@2ed2d9cb]" started-at="2024-05-20T15:15:24 IST" name="Flipakrt" finished-at="2024-05-20T15:17:43 IST" duration-ms="139071" status="PASS">
          <reporter-output>
          </reporter-output>
        </test-method> <!-- Flipakrt -->
      </class> <!-- test.Flipkart -->
    </test> <!-- Default test -->
  </suite> <!-- Default suite -->
</testng-results>
